# JRE version: OpenJDK Runtime Environment (21.0.5) (build 21.0.5+-13047016-b750.29)
# Java VM: OpenJDK 64-Bit Server VM (21.0.5+-13047016-b750.29, mixed mode, tiered, compressed oops, compressed class ptrs, g1 gc, windows-amd64)
GC Precious Log:
 CardTable entry size: 512
 Card Set container configuration: InlinePtr #cards 4 size 8 Array Of Cards #cards 16 size 48 Howl #buckets 8 coarsen threshold 3686 Howl Bitmap #cards 512 size 80 coarsen threshold 460 Card regions per heap region 1 cards per card region 4096
 CPUs: 8 total, 8 available
 Memory: 16207M
 Large Page Support: Disabled
 NUMA Support: Disabled
 Compressed Oops: Enabled (Zero based)
 Heap Region Size: 2M
 Heap Min Capacity: 8M
 Heap Initial Capacity: 254M
 Heap Max Capacity: 4G
 Pre-touch: Disabled
 Parallel Workers: 8
 Concurrent Workers: 2
 Concurrent Refinement Workers: 8
 Periodic GC: Disabled
Heap:
 garbage-first heap   total 94208K, used 54690K [0x0000000700000000, 0x0000000800000000)
  region size 2048K, 7 young (14336K), 2 survivors (4096K)
 Metaspace       used 71939K, committed 73792K, reserved 1114112K
  class space    used 9979K, committed 10880K, reserved 1048576K
GC Heap History (20 events):
Event: 4.763 GC heap before
{Heap before GC invocations=9 (full 0):
 garbage-first heap   total 75776K, used 59330K [0x0000000700000000, 0x0000000800000000)
  region size 2048K, 20 young (40960K), 3 survivors (6144K)
 Metaspace       used 40105K, committed 41280K, reserved 1114112K
  class space    used 5455K, committed 6016K, reserved 1048576K
}
Event: 4.767 GC heap after
{Heap after GC invocations=10 (full 0):
 garbage-first heap   total 75776K, used 28428K [0x0000000700000000, 0x0000000800000000)
  region size 2048K, 2 young (4096K), 2 survivors (4096K)
 Metaspace       used 40105K, committed 41280K, reserved 1114112K
  class space    used 5455K, committed 6016K, reserved 1048576K
}
Event: 5.252 GC heap before
{Heap before GC invocations=10 (full 0):
 garbage-first heap   total 75776K, used 61196K [0x0000000700000000, 0x0000000800000000)
  region size 2048K, 19 young (38912K), 2 survivors (4096K)
 Metaspace       used 45386K, committed 46592K, reserved 1114112K
  class space    used 6004K, committed 6592K, reserved 1048576K
}
Event: 5.261 GC heap after
{Heap after GC invocations=11 (full 0):
 garbage-first heap   total 75776K, used 32159K [0x0000000700000000, 0x0000000800000000)
  region size 2048K, 3 young (6144K), 3 survivors (6144K)
 Metaspace       used 45386K, committed 46592K, reserved 1114112K
  class space    used 6004K, committed 6592K, reserved 1048576K
}
Event: 5.978 GC heap before
{Heap before GC invocations=11 (full 0):
 garbage-first heap   total 75776K, used 64927K [0x0000000700000000, 0x0000000800000000)
  region size 2048K, 18 young (36864K), 3 survivors (6144K)
 Metaspace       used 49018K, committed 50304K, reserved 1114112K
  class space    used 6483K, committed 7104K, reserved 1048576K
}
Event: 5.986 GC heap after
{Heap after GC invocations=12 (full 0):
 garbage-first heap   total 77824K, used 36240K [0x0000000700000000, 0x0000000800000000)
  region size 2048K, 2 young (4096K), 2 survivors (4096K)
 Metaspace       used 49018K, committed 50304K, reserved 1114112K
  class space    used 6483K, committed 7104K, reserved 1048576K
}
Event: 6.496 GC heap before
{Heap before GC invocations=12 (full 0):
 garbage-first heap   total 77824K, used 66960K [0x0000000700000000, 0x0000000800000000)
  region size 2048K, 17 young (34816K), 2 survivors (4096K)
 Metaspace       used 51124K, committed 52544K, reserved 1114112K
  class space    used 6807K, committed 7488K, reserved 1048576K
}
Event: 6.500 GC heap after
{Heap after GC invocations=13 (full 0):
 garbage-first heap   total 94208K, used 38524K [0x0000000700000000, 0x0000000800000000)
  region size 2048K, 2 young (4096K), 2 survivors (4096K)
 Metaspace       used 51124K, committed 52544K, reserved 1114112K
  class space    used 6807K, committed 7488K, reserved 1048576K
}
Event: 7.001 GC heap before
{Heap before GC invocations=13 (full 0):
 garbage-first heap   total 94208K, used 79484K [0x0000000700000000, 0x0000000800000000)
  region size 2048K, 22 young (45056K), 2 survivors (4096K)
 Metaspace       used 53792K, committed 55232K, reserved 1114112K
  class space    used 7236K, committed 7936K, reserved 1048576K
}
Event: 7.005 GC heap after
{Heap after GC invocations=14 (full 0):
 garbage-first heap   total 94208K, used 40623K [0x0000000700000000, 0x0000000800000000)
  region size 2048K, 3 young (6144K), 3 survivors (6144K)
 Metaspace       used 53792K, committed 55232K, reserved 1114112K
  class space    used 7236K, committed 7936K, reserved 1048576K
}
Event: 8.137 GC heap before
{Heap before GC invocations=14 (full 0):
 garbage-first heap   total 94208K, used 77487K [0x0000000700000000, 0x0000000800000000)
  region size 2048K, 22 young (45056K), 3 survivors (6144K)
 Metaspace       used 58544K, committed 60160K, reserved 1114112K
  class space    used 7930K, committed 8704K, reserved 1048576K
}
Event: 8.143 GC heap after
{Heap after GC invocations=15 (full 0):
 garbage-first heap   total 94208K, used 42356K [0x0000000700000000, 0x0000000800000000)
  region size 2048K, 2 young (4096K), 2 survivors (4096K)
 Metaspace       used 58544K, committed 60160K, reserved 1114112K
  class space    used 7930K, committed 8704K, reserved 1048576K
}
Event: 8.214 GC heap before
{Heap before GC invocations=15 (full 0):
 garbage-first heap   total 94208K, used 44404K [0x0000000700000000, 0x0000000800000000)
  region size 2048K, 4 young (8192K), 2 survivors (4096K)
 Metaspace       used 58914K, committed 60480K, reserved 1114112K
  class space    used 7999K, committed 8768K, reserved 1048576K
}
Event: 8.217 GC heap after
{Heap after GC invocations=16 (full 0):
 garbage-first heap   total 94208K, used 42751K [0x0000000700000000, 0x0000000800000000)
  region size 2048K, 2 young (4096K), 2 survivors (4096K)
 Metaspace       used 58914K, committed 60480K, reserved 1114112K
  class space    used 7999K, committed 8768K, reserved 1048576K
}
Event: 9.334 GC heap before
{Heap before GC invocations=17 (full 0):
 garbage-first heap   total 94208K, used 81663K [0x0000000700000000, 0x0000000800000000)
  region size 2048K, 21 young (43008K), 2 survivors (4096K)
 Metaspace       used 63235K, committed 65024K, reserved 1114112K
  class space    used 8705K, committed 9600K, reserved 1048576K
}
Event: 9.338 GC heap after
{Heap after GC invocations=18 (full 0):
 garbage-first heap   total 94208K, used 44353K [0x0000000700000000, 0x0000000800000000)
  region size 2048K, 2 young (4096K), 2 survivors (4096K)
 Metaspace       used 63235K, committed 65024K, reserved 1114112K
  class space    used 8705K, committed 9600K, reserved 1048576K
}
Event: 10.124 GC heap before
{Heap before GC invocations=18 (full 0):
 garbage-first heap   total 94208K, used 83265K [0x0000000700000000, 0x0000000800000000)
  region size 2048K, 21 young (43008K), 2 survivors (4096K)
 Metaspace       used 67505K, committed 69312K, reserved 1114112K
  class space    used 9241K, committed 10112K, reserved 1048576K
}
Event: 10.129 GC heap after
{Heap after GC invocations=19 (full 0):
 garbage-first heap   total 94208K, used 46475K [0x0000000700000000, 0x0000000800000000)
  region size 2048K, 3 young (6144K), 3 survivors (6144K)
 Metaspace       used 67505K, committed 69312K, reserved 1114112K
  class space    used 9241K, committed 10112K, reserved 1048576K
}
Event: 10.659 GC heap before
{Heap before GC invocations=19 (full 0):
 garbage-first heap   total 94208K, used 79243K [0x0000000700000000, 0x0000000800000000)
  region size 2048K, 19 young (38912K), 3 survivors (6144K)
 Metaspace       used 71130K, committed 72960K, reserved 1114112K
  class space    used 9822K, committed 10752K, reserved 1048576K
}
Event: 10.665 GC heap after
{Heap after GC invocations=20 (full 0):
 garbage-first heap   total 94208K, used 48546K [0x0000000700000000, 0x0000000800000000)
  region size 2048K, 2 young (4096K), 2 survivors (4096K)
 Metaspace       used 71130K, committed 72960K, reserved 1114112K
  class space    used 9822K, committed 10752K, reserved 1048576K
}

