# JRE version: OpenJDK Runtime Environment (21.0.5) (build 21.0.5+-13047016-b750.29)
# Java VM: OpenJDK 64-Bit Server VM (21.0.5+-13047016-b750.29, mixed mode, tiered, compressed oops, compressed class ptrs, g1 gc, windows-amd64)
GC Precious Log:
 CardTable entry size: 512
 Card Set container configuration: InlinePtr #cards 4 size 8 Array Of Cards #cards 16 size 48 Howl #buckets 8 coarsen threshold 3686 Howl Bitmap #cards 512 size 80 coarsen threshold 460 Card regions per heap region 1 cards per card region 4096
 CPUs: 8 total, 8 available
 Memory: 16207M
 Large Page Support: Disabled
 NUMA Support: Disabled
 Compressed Oops: Enabled (Zero based)
 Heap Region Size: 2M
 Heap Min Capacity: 8M
 Heap Initial Capacity: 254M
 Heap Max Capacity: 4G
 Pre-touch: Disabled
 Parallel Workers: 8
 Concurrent Workers: 2
 Concurrent Refinement Workers: 8
 Periodic GC: Disabled
Heap:
 garbage-first heap   total 911360K, used 437864K [0x0000000700000000, 0x0000000800000000)
  region size 2048K, 11 young (22528K), 11 survivors (22528K)
 Metaspace       used 131691K, committed 134464K, reserved 1179648K
  class space    used 17527K, committed 18816K, reserved 1048576K
GC Heap History (20 events):
Event: 98.459 GC heap after
{Heap after GC invocations=78 (full 0):
 garbage-first heap   total 911360K, used 331694K [0x0000000700000000, 0x0000000800000000)
  region size 2048K, 16 young (32768K), 16 survivors (32768K)
 Metaspace       used 131187K, committed 133952K, reserved 1179648K
  class space    used 17519K, committed 18816K, reserved 1048576K
}
Event: 99.837 GC heap before
{Heap before GC invocations=78 (full 0):
 garbage-first heap   total 911360K, used 827310K [0x0000000700000000, 0x0000000800000000)
  region size 2048K, 259 young (530432K), 16 survivors (32768K)
 Metaspace       used 131199K, committed 133952K, reserved 1179648K
  class space    used 17519K, committed 18816K, reserved 1048576K
}
Event: 99.868 GC heap after
{Heap after GC invocations=79 (full 0):
 garbage-first heap   total 911360K, used 349613K [0x0000000700000000, 0x0000000800000000)
  region size 2048K, 24 young (49152K), 24 survivors (49152K)
 Metaspace       used 131199K, committed 133952K, reserved 1179648K
  class space    used 17519K, committed 18816K, reserved 1048576K
}
Event: 100.920 GC heap before
{Heap before GC invocations=80 (full 0):
 garbage-first heap   total 911360K, used 812461K [0x0000000700000000, 0x0000000800000000)
  region size 2048K, 251 young (514048K), 24 survivors (49152K)
 Metaspace       used 131233K, committed 134016K, reserved 1179648K
  class space    used 17521K, committed 18816K, reserved 1048576K
}
Event: 100.949 GC heap after
{Heap after GC invocations=81 (full 0):
 garbage-first heap   total 911360K, used 355773K [0x0000000700000000, 0x0000000800000000)
  region size 2048K, 14 young (28672K), 14 survivors (28672K)
 Metaspace       used 131233K, committed 134016K, reserved 1179648K
  class space    used 17521K, committed 18816K, reserved 1048576K
}
Event: 101.758 GC heap before
{Heap before GC invocations=81 (full 0):
 garbage-first heap   total 911360K, used 832957K [0x0000000700000000, 0x0000000800000000)
  region size 2048K, 249 young (509952K), 14 survivors (28672K)
 Metaspace       used 131235K, committed 134016K, reserved 1179648K
  class space    used 17521K, committed 18816K, reserved 1048576K
}
Event: 101.779 GC heap after
{Heap after GC invocations=82 (full 0):
 garbage-first heap   total 911360K, used 355932K [0x0000000700000000, 0x0000000800000000)
  region size 2048K, 14 young (28672K), 14 survivors (28672K)
 Metaspace       used 131235K, committed 134016K, reserved 1179648K
  class space    used 17521K, committed 18816K, reserved 1048576K
}
Event: 103.913 GC heap before
{Heap before GC invocations=82 (full 0):
 garbage-first heap   total 911360K, used 833116K [0x0000000700000000, 0x0000000800000000)
  region size 2048K, 248 young (507904K), 14 survivors (28672K)
 Metaspace       used 131435K, committed 134208K, reserved 1179648K
  class space    used 17546K, committed 18816K, reserved 1048576K
}
Event: 103.950 GC heap after
{Heap after GC invocations=83 (full 0):
 garbage-first heap   total 911360K, used 371317K [0x0000000700000000, 0x0000000800000000)
  region size 2048K, 22 young (45056K), 22 survivors (45056K)
 Metaspace       used 131435K, committed 134208K, reserved 1179648K
  class space    used 17546K, committed 18816K, reserved 1048576K
}
Event: 105.719 GC heap before
{Heap before GC invocations=84 (full 0):
 garbage-first heap   total 911360K, used 815733K [0x0000000700000000, 0x0000000800000000)
  region size 2048K, 240 young (491520K), 22 survivors (45056K)
 Metaspace       used 131256K, committed 134208K, reserved 1179648K
  class space    used 17496K, committed 18816K, reserved 1048576K
}
Event: 105.762 GC heap after
{Heap after GC invocations=85 (full 0):
 garbage-first heap   total 911360K, used 380501K [0x0000000700000000, 0x0000000800000000)
  region size 2048K, 19 young (38912K), 19 survivors (38912K)
 Metaspace       used 131256K, committed 134208K, reserved 1179648K
  class space    used 17496K, committed 18816K, reserved 1048576K
}
Event: 116.626 GC heap before
{Heap before GC invocations=85 (full 0):
 garbage-first heap   total 911360K, used 829013K [0x0000000700000000, 0x0000000800000000)
  region size 2048K, 236 young (483328K), 19 survivors (38912K)
 Metaspace       used 131688K, committed 134464K, reserved 1179648K
  class space    used 17526K, committed 18816K, reserved 1048576K
}
Event: 116.665 GC heap after
{Heap after GC invocations=86 (full 0):
 garbage-first heap   total 911360K, used 393737K [0x0000000700000000, 0x0000000800000000)
  region size 2048K, 21 young (43008K), 21 survivors (43008K)
 Metaspace       used 131688K, committed 134464K, reserved 1179648K
  class space    used 17526K, committed 18816K, reserved 1048576K
}
Event: 118.131 GC heap before
{Heap before GC invocations=86 (full 0):
 garbage-first heap   total 911360K, used 817673K [0x0000000700000000, 0x0000000800000000)
  region size 2048K, 229 young (468992K), 21 survivors (43008K)
 Metaspace       used 131689K, committed 134464K, reserved 1179648K
  class space    used 17526K, committed 18816K, reserved 1048576K
}
Event: 118.171 GC heap after
{Heap after GC invocations=87 (full 0):
 garbage-first heap   total 911360K, used 418786K [0x0000000700000000, 0x0000000800000000)
  region size 2048K, 26 young (53248K), 26 survivors (53248K)
 Metaspace       used 131689K, committed 134464K, reserved 1179648K
  class space    used 17526K, committed 18816K, reserved 1048576K
}
Event: 119.201 GC heap before
{Heap before GC invocations=88 (full 0):
 garbage-first heap   total 911360K, used 809954K [0x0000000700000000, 0x0000000800000000)
  region size 2048K, 217 young (444416K), 26 survivors (53248K)
 Metaspace       used 131690K, committed 134464K, reserved 1179648K
  class space    used 17527K, committed 18816K, reserved 1048576K
}
Event: 119.260 GC heap after
{Heap after GC invocations=89 (full 0):
 garbage-first heap   total 911360K, used 429780K [0x0000000700000000, 0x0000000800000000)
  region size 2048K, 20 young (40960K), 20 survivors (40960K)
 Metaspace       used 131690K, committed 134464K, reserved 1179648K
  class space    used 17527K, committed 18816K, reserved 1048576K
}
Event: 120.226 GC heap before
{Heap before GC invocations=89 (full 0):
 garbage-first heap   total 911360K, used 818900K [0x0000000700000000, 0x0000000800000000)
  region size 2048K, 211 young (432128K), 20 survivors (40960K)
 Metaspace       used 131691K, committed 134464K, reserved 1179648K
  class space    used 17527K, committed 18816K, reserved 1048576K
}
Event: 120.276 GC heap after
{Heap after GC invocations=90 (full 0):
 garbage-first heap   total 911360K, used 438724K [0x0000000700000000, 0x0000000800000000)
  region size 2048K, 11 young (22528K), 11 survivors (22528K)
 Metaspace       used 131691K, committed 134464K, reserved 1179648K
  class space    used 17527K, committed 18816K, reserved 1048576K
}
Event: 120.419 GC heap before
{Heap before GC invocations=90 (full 0):
 garbage-first heap   total 911360K, used 475588K [0x0000000700000000, 0x0000000800000000)
  region size 2048K, 31 young (63488K), 11 survivors (22528K)
 Metaspace       used 131691K, committed 134464K, reserved 1179648K
  class space    used 17527K, committed 18816K, reserved 1048576K
}

