# JRE version: OpenJDK Runtime Environment (21.0.5) (build 21.0.5+-13047016-b750.29)
# Java VM: OpenJDK 64-Bit Server VM (21.0.5+-13047016-b750.29, mixed mode, tiered, compressed oops, compressed class ptrs, g1 gc, windows-amd64)
GC Precious Log:
 CardTable entry size: 512
 Card Set container configuration: InlinePtr #cards 4 size 8 Array Of Cards #cards 16 size 48 Howl #buckets 8 coarsen threshold 3686 Howl Bitmap #cards 512 size 80 coarsen threshold 460 Card regions per heap region 1 cards per card region 4096
 CPUs: 8 total, 8 available
 Memory: 16207M
 Large Page Support: Disabled
 NUMA Support: Disabled
 Compressed Oops: Enabled (Zero based)
 Heap Region Size: 2M
 Heap Min Capacity: 8M
 Heap Initial Capacity: 254M
 Heap Max Capacity: 4G
 Pre-touch: Disabled
 Parallel Workers: 8
 Concurrent Workers: 2
 Concurrent Refinement Workers: 8
 Periodic GC: Disabled
Heap:
 garbage-first heap   total 317440K, used 240761K [0x0000000700000000, 0x0000000800000000)
  region size 2048K, 14 young (28672K), 5 survivors (10240K)
 Metaspace       used 109045K, committed 111744K, reserved 1179648K
  class space    used 14954K, committed 16192K, reserved 1048576K
GC Heap History (20 events):
Event: 16.915 GC heap before
{Heap before GC invocations=37 (full 0):
 garbage-first heap   total 192512K, used 160293K [0x0000000700000000, 0x0000000800000000)
  region size 2048K, 26 young (53248K), 3 survivors (6144K)
 Metaspace       used 100100K, committed 102144K, reserved 1179648K
  class space    used 13707K, committed 14720K, reserved 1048576K
}
Event: 16.920 GC heap after
{Heap after GC invocations=38 (full 0):
 garbage-first heap   total 192512K, used 115847K [0x0000000700000000, 0x0000000800000000)
  region size 2048K, 2 young (4096K), 2 survivors (4096K)
 Metaspace       used 100100K, committed 102144K, reserved 1179648K
  class space    used 13707K, committed 14720K, reserved 1048576K
}
Event: 17.507 GC heap before
{Heap before GC invocations=38 (full 0):
 garbage-first heap   total 192512K, used 171143K [0x0000000700000000, 0x0000000800000000)
  region size 2048K, 29 young (59392K), 2 survivors (4096K)
 Metaspace       used 101911K, committed 104064K, reserved 1179648K
  class space    used 13963K, committed 15040K, reserved 1048576K
}
Event: 17.516 GC heap after
{Heap after GC invocations=39 (full 0):
 garbage-first heap   total 231424K, used 122532K [0x0000000700000000, 0x0000000800000000)
  region size 2048K, 4 young (8192K), 4 survivors (8192K)
 Metaspace       used 101911K, committed 104064K, reserved 1179648K
  class space    used 13963K, committed 15040K, reserved 1048576K
}
Event: 18.462 GC heap before
{Heap before GC invocations=39 (full 0):
 garbage-first heap   total 231424K, used 192164K [0x0000000700000000, 0x0000000800000000)
  region size 2048K, 39 young (79872K), 4 survivors (8192K)
 Metaspace       used 104127K, committed 106368K, reserved 1179648K
  class space    used 14291K, committed 15360K, reserved 1048576K
}
Event: 18.476 GC heap after
{Heap after GC invocations=40 (full 0):
 garbage-first heap   total 231424K, used 136431K [0x0000000700000000, 0x0000000800000000)
  region size 2048K, 5 young (10240K), 5 survivors (10240K)
 Metaspace       used 104127K, committed 106368K, reserved 1179648K
  class space    used 14291K, committed 15360K, reserved 1048576K
}
Event: 19.419 GC heap before
{Heap before GC invocations=40 (full 0):
 garbage-first heap   total 231424K, used 197871K [0x0000000700000000, 0x0000000800000000)
  region size 2048K, 36 young (73728K), 5 survivors (10240K)
 Metaspace       used 105037K, committed 107328K, reserved 1179648K
  class space    used 14412K, committed 15488K, reserved 1048576K
}
Event: 19.434 GC heap after
{Heap after GC invocations=41 (full 0):
 garbage-first heap   total 231424K, used 149247K [0x0000000700000000, 0x0000000800000000)
  region size 2048K, 5 young (10240K), 5 survivors (10240K)
 Metaspace       used 105037K, committed 107328K, reserved 1179648K
  class space    used 14412K, committed 15488K, reserved 1048576K
}
Event: 20.218 GC heap before
{Heap before GC invocations=42 (full 0):
 garbage-first heap   total 249856K, used 202495K [0x0000000700000000, 0x0000000800000000)
  region size 2048K, 31 young (63488K), 5 survivors (10240K)
 Metaspace       used 105688K, committed 108032K, reserved 1179648K
  class space    used 14484K, committed 15616K, reserved 1048576K
}
Event: 20.237 GC heap after
{Heap after GC invocations=43 (full 0):
 garbage-first heap   total 249856K, used 159856K [0x0000000700000000, 0x0000000800000000)
  region size 2048K, 4 young (8192K), 4 survivors (8192K)
 Metaspace       used 105688K, committed 108032K, reserved 1179648K
  class space    used 14484K, committed 15616K, reserved 1048576K
}
Event: 21.084 GC heap before
{Heap before GC invocations=43 (full 0):
 garbage-first heap   total 249856K, used 215152K [0x0000000700000000, 0x0000000800000000)
  region size 2048K, 32 young (65536K), 4 survivors (8192K)
 Metaspace       used 106134K, committed 108608K, reserved 1179648K
  class space    used 14533K, committed 15680K, reserved 1048576K
}
Event: 21.101 GC heap after
{Heap after GC invocations=44 (full 0):
 garbage-first heap   total 249856K, used 177070K [0x0000000700000000, 0x0000000800000000)
  region size 2048K, 4 young (8192K), 4 survivors (8192K)
 Metaspace       used 106134K, committed 108608K, reserved 1179648K
  class space    used 14533K, committed 15680K, reserved 1048576K
}
Event: 21.620 GC heap before
{Heap before GC invocations=44 (full 0):
 garbage-first heap   total 249856K, used 220078K [0x0000000700000000, 0x0000000800000000)
  region size 2048K, 26 young (53248K), 4 survivors (8192K)
 Metaspace       used 106634K, committed 109120K, reserved 1179648K
  class space    used 14608K, committed 15744K, reserved 1048576K
}
Event: 21.634 GC heap after
{Heap after GC invocations=45 (full 0):
 garbage-first heap   total 301056K, used 188683K [0x0000000700000000, 0x0000000800000000)
  region size 2048K, 4 young (8192K), 4 survivors (8192K)
 Metaspace       used 106634K, committed 109120K, reserved 1179648K
  class space    used 14608K, committed 15744K, reserved 1048576K
}
Event: 22.632 GC heap before
{Heap before GC invocations=46 (full 0):
 garbage-first heap   total 317440K, used 256267K [0x0000000700000000, 0x0000000800000000)
  region size 2048K, 37 young (75776K), 4 survivors (8192K)
 Metaspace       used 107196K, committed 109760K, reserved 1179648K
  class space    used 14693K, committed 15872K, reserved 1048576K
}
Event: 22.652 GC heap after
{Heap after GC invocations=47 (full 0):
 garbage-first heap   total 317440K, used 202143K [0x0000000700000000, 0x0000000800000000)
  region size 2048K, 5 young (10240K), 5 survivors (10240K)
 Metaspace       used 107196K, committed 109760K, reserved 1179648K
  class space    used 14693K, committed 15872K, reserved 1048576K
}
Event: 23.552 GC heap before
{Heap before GC invocations=47 (full 0):
 garbage-first heap   total 317440K, used 271775K [0x0000000700000000, 0x0000000800000000)
  region size 2048K, 39 young (79872K), 5 survivors (10240K)
 Metaspace       used 107747K, committed 110400K, reserved 1179648K
  class space    used 14768K, committed 15936K, reserved 1048576K
}
Event: 23.573 GC heap after
{Heap after GC invocations=48 (full 0):
 garbage-first heap   total 317440K, used 212312K [0x0000000700000000, 0x0000000800000000)
  region size 2048K, 5 young (10240K), 5 survivors (10240K)
 Metaspace       used 107747K, committed 110400K, reserved 1179648K
  class space    used 14768K, committed 15936K, reserved 1048576K
}
Event: 24.182 GC heap before
{Heap before GC invocations=48 (full 0):
 garbage-first heap   total 317440K, used 275800K [0x0000000700000000, 0x0000000800000000)
  region size 2048K, 36 young (73728K), 5 survivors (10240K)
 Metaspace       used 108228K, committed 110912K, reserved 1179648K
  class space    used 14826K, committed 16064K, reserved 1048576K
}
Event: 24.199 GC heap after
{Heap after GC invocations=49 (full 0):
 garbage-first heap   total 317440K, used 224377K [0x0000000700000000, 0x0000000800000000)
  region size 2048K, 5 young (10240K), 5 survivors (10240K)
 Metaspace       used 108228K, committed 110912K, reserved 1179648K
  class space    used 14826K, committed 16064K, reserved 1048576K
}

